0 info it worked if it ends with ok
1 verbose cli [ '/usr/local/bin/node',
1 verbose cli   '/usr/local/bin/npm',
1 verbose cli   'install',
1 verbose cli   'popup@0.9.11' ]
2 info using npm@1.1.48
3 info using node@v0.8.6
4 verbose config file /home/stonelee/.npmrc
5 verbose config file /usr/local/etc/npmrc
6 verbose config file /usr/local/lib/node_modules/npm/npmrc
7 verbose read json /home/stonelee/workspace/kjui/tab/_site/package.json
8 warn package.json tab@0.0.1 No README.md file found!
9 verbose from cache /home/stonelee/workspace/kjui/tab/_site/package.json
10 verbose readDependencies using package.json deps
11 verbose cache add [ 'popup@0.9.11', null ]
12 silly cache add name=undefined spec="popup@0.9.11" args=["popup@0.9.11",null]
13 verbose parsed url { pathname: 'popup@0.9.11',
13 verbose parsed url   path: 'popup@0.9.11',
13 verbose parsed url   href: 'popup@0.9.11' }
14 silly cache add name="popup" spec="0.9.11" args=["popup","0.9.11"]
15 verbose parsed url { pathname: '0.9.11', path: '0.9.11', href: '0.9.11' }
16 verbose addNamed [ 'popup', '0.9.11' ]
17 verbose addNamed [ '0.9.11', '0.9.11' ]
18 silly lockFile b93e3acf-popup-0-9-11 popup@0.9.11
19 verbose lock popup@0.9.11 /home/stonelee/.npm/b93e3acf-popup-0-9-11.lock
20 verbose url raw popup/0.9.11
21 verbose url resolving [ 'https://registry.npmjs.org/', './popup/0.9.11' ]
22 verbose url resolved https://registry.npmjs.org/popup/0.9.11
23 info retry registry request attempt 1 at 17:05:43
24 http GET https://registry.npmjs.org/popup/0.9.11
25 http 404 https://registry.npmjs.org/popup/0.9.11
26 silly registry.get cb [ 404,
26 silly registry.get   { vary: 'Accept',
26 silly registry.get     server: 'CouchDB/1.2.1 (Erlang OTP/R15B03)',
26 silly registry.get     etag: '"2VWOFWLT13OUIPKYB1OLMIHVW"',
26 silly registry.get     date: 'Fri, 22 Mar 2013 09:05:45 GMT',
26 silly registry.get     'content-type': 'application/json',
26 silly registry.get     'content-length': '37' } ]
27 silly lockFile b93e3acf-popup-0-9-11 popup@0.9.11
28 error Error: version not found: 0.9.11 : popup/0.9.11
28 error     at RegClient.<anonymous> (/usr/local/lib/node_modules/npm/node_modules/npm-registry-client/lib/request.js:246:14)
28 error     at Request.init.self.callback (/usr/local/lib/node_modules/npm/node_modules/request/main.js:120:22)
28 error     at Request.EventEmitter.emit (events.js:91:17)
28 error     at Request.<anonymous> (/usr/local/lib/node_modules/npm/node_modules/request/main.js:555:16)
28 error     at Request.EventEmitter.emit (events.js:88:17)
28 error     at IncomingMessage.Request.start.self.req.self.httpModule.request.buffer (/usr/local/lib/node_modules/npm/node_modules/request/main.js:517:14)
28 error     at IncomingMessage.EventEmitter.emit (events.js:115:20)
28 error     at IncomingMessage._emitEnd (http.js:366:10)
28 error     at HTTPParser.parserOnMessageComplete [as onMessageComplete] (http.js:149:23)
28 error     at CleartextStream.socketOnData (http.js:1366:20)
29 error If you need help, you may report this log at:
29 error     <http://github.com/isaacs/npm/issues>
29 error or email it to:
29 error     <npm-@googlegroups.com>
30 error System Linux 3.6.11-4.fc16.x86_64
31 error command "/usr/local/bin/node" "/usr/local/bin/npm" "install" "popup@0.9.11"
32 error cwd /home/stonelee/workspace/kjui/tab/_site
33 error node -v v0.8.6
34 error npm -v 1.1.48
35 verbose exit [ 1, true ]
